[2026-02-15T10:20:17Z] === Multi-Source Memecoin Scanner v4 ===
[2026-02-15T10:20:17Z] TRADING RULES: Target MC $100K-$500K
[2026-02-15T10:20:17Z] Sources: CoinGecko, Birdeye, DexScreener, GMGN (ref), Solscan, BaseScan
[2026-02-15T10:20:17Z] [1/4] Fetching CoinGecko trending...
[2026-02-15T10:20:17Z] [2/4] Fetching Birdeye Solana tokens...
[2026-02-15T10:20:17Z] [3/4] Fetching DexScreener boosted tokens...
[2026-02-15T10:20:21Z] [4/4] GMGN reference added...
[2026-02-15T10:20:21Z] Total unique tokens found: 43
[2026-02-15T10:20:21Z] Complete: 9 sweet spot matches, 33 others
[2026-02-15T11:00:13Z] === Multi-Source Memecoin Scanner v4 ===
[2026-02-15T11:00:13Z] TRADING RULES: Target MC $100K-$500K
[2026-02-15T11:00:13Z] Sources: CoinGecko, Birdeye, DexScreener, GMGN (ref), Solscan, BaseScan
[2026-02-15T11:00:13Z] [1/4] Fetching CoinGecko trending...
[2026-02-15T11:00:14Z] [2/4] Fetching Birdeye Solana tokens...
[2026-02-15T11:00:14Z] [3/4] Fetching DexScreener boosted tokens...
[2026-02-15T11:00:17Z] [4/4] GMGN reference added...
[2026-02-15T11:00:17Z] Total unique tokens found: 43
[2026-02-15T11:00:17Z] Complete: 6 sweet spot matches, 36 others
[2026-02-15T15:37:55Z] === Multi-Source Memecoin Scanner v4 ===
[2026-02-15T15:37:55Z] TRADING RULES: Target MC $100K-$500K, Min 4 days old
[2026-02-15T15:37:55Z] Sources: CoinGecko, Birdeye, DexScreener, GMGN (ref), Solscan, BaseScan
[2026-02-15T15:37:55Z] [1/4] Fetching CoinGecko trending...
[2026-02-15T15:37:55Z] [2/4] Fetching Birdeye Solana tokens...
[2026-02-15T15:37:55Z] [3/4] Fetching DexScreener boosted tokens...
[2026-02-15T15:37:59Z] [4/4] GMGN reference added...
[2026-02-15T15:37:59Z] Total unique tokens found: 42
[2026-02-15T15:37:59Z] Filtered out 23 tokens < 4 days old
[2026-02-15T15:37:59Z] Tokens 4+ days old: 19
[2026-02-15T15:37:59Z] Complete: 4 sweet spot matches, 15 others
